16:59:59 - INF - <module> - ('Servicio Iniciado',)
17:00:00 - INF - <module> - ('Servicio Iniciado',)
17:00:22 - INF - <module> - ('Servicio Finalizado',)
17:00:23 - INF - <module> - ('Servicio Finalizado',)
17:00:23 - INF - <module> - ('Servicio Iniciado',)
17:00:24 - INF - <module> - ('Servicio Iniciado',)
17:00:40 - INF - post - ('Servicio de login Ejecutando',)
17:00:49 - INF - post - ('Servicio de login Ejecutando',)
17:00:55 - INF - post - ('Servicio de login Ejecutando',)
17:01:00 - INF - post - ('Servicio de login Ejecutando',)
17:01:07 - INF - post - ('Servicio de login Ejecutando',)
17:01:21 - INF - post - ('Servicio de creación de usuario Ejecutando',)
17:01:31 - INF - post - ('Servicio de login Ejecutando',)
17:02:01 - INF - <module> - ('Servicio Finalizado',)
17:02:02 - INF - <module> - ('Servicio Iniciado',)
17:02:23 - INF - <module> - ('Servicio Finalizado',)
17:02:24 - INF - <module> - ('Servicio Iniciado',)
17:16:09 - INF - post - ('Servicio de login Ejecutando',)
17:16:16 - INF - post - ('Servicio de login Ejecutando',)
17:17:39 - INF - <module> - ('Servicio Finalizado',)
17:17:39 - INF - <module> - ('Servicio Iniciado',)
17:17:54 - INF - post - ('Servicio de Obtener Usuario por ID ejecutándose',)
17:18:02 - INF - post - ('Servicio de Obtener Usuario por ID ejecutándose',)
17:18:05 - INF - post - ('Servicio de Obtener Usuario por ID ejecutándose',)
17:18:09 - INF - get - ('Servicio de User Ejecutando',)
17:18:17 - INF - post - ('Servicio de Obtener Usuario por ID ejecutándose',)
17:18:44 - INF - <module> - ('Servicio Finalizado',)
17:18:45 - INF - <module> - ('Servicio Iniciado',)
17:18:46 - INF - post - ('Servicio de Obtener Usuario por ID ejecutándose',)
17:18:46 - INF - get_user_by_id - ("Error al ejecutar la consulta para obtener el usuario -> object of type 'int' has no len()",)
17:18:48 - INF - post - ('Servicio de Obtener Usuario por ID ejecutándose',)
17:18:48 - INF - get_user_by_id - ("Error al ejecutar la consulta para obtener el usuario -> object of type 'int' has no len()",)
17:19:04 - INF - <module> - ('Servicio Finalizado',)
17:19:05 - INF - <module> - ('Servicio Iniciado',)
17:19:06 - INF - post - ('Servicio de Obtener Usuario por ID ejecutándose',)
17:19:06 - INF - get_user_by_id - ("Error al ejecutar la consulta para obtener el usuario -> object of type 'int' has no len()",)
17:19:17 - INF - <module> - ('Servicio Finalizado',)
17:19:18 - INF - <module> - ('Servicio Iniciado',)
17:19:18 - INF - post - ('Servicio de Obtener Usuario por ID ejecutándose',)
17:19:18 - INF - get_user_by_id - ("Error al ejecutar la consulta para obtener el usuario -> object of type 'int' has no len()",)
17:19:28 - INF - <module> - ('Servicio Finalizado',)
17:19:29 - INF - <module> - ('Servicio Iniciado',)
17:19:30 - INF - post - ('Servicio de Obtener Usuario por ID ejecutándose',)
17:20:14 - INF - post - ('Servicio de Obtener Usuario por ID ejecutándose',)
17:20:34 - INF - post - ('Servicio de Obtener Usuario por ID ejecutándose',)
17:20:34 - INF - <module> - ('Servicio Finalizado',)
17:20:35 - INF - <module> - ('Servicio Iniciado',)
17:20:36 - INF - post - ('Servicio de Obtener Usuario por ID ejecutándose',)
17:21:05 - INF - <module> - ('Servicio Finalizado',)
17:21:06 - INF - <module> - ('Servicio Iniciado',)
17:21:06 - INF - post - ('Servicio de Obtener Usuario por ID ejecutándose',)
17:21:21 - INF - <module> - ('Servicio Finalizado',)
17:21:22 - INF - <module> - ('Servicio Iniciado',)
17:21:23 - INF - post - ('Servicio de Obtener Usuario por ID ejecutándose',)
17:21:30 - INF - <module> - ('Servicio Finalizado',)
17:21:30 - INF - <module> - ('Servicio Iniciado',)
17:21:52 - INF - <module> - ('Servicio Finalizado',)
17:21:53 - INF - <module> - ('Servicio Iniciado',)
17:21:53 - INF - post - ('Servicio de Obtener Usuario por ID ejecutándose',)
17:22:35 - INF - <module> - ('Servicio Finalizado',)
17:22:37 - INF - <module> - ('Servicio Iniciado',)
17:22:37 - INF - post - ('Servicio de Obtener Usuario por ID ejecutándose',)
17:22:44 - INF - post - ('Servicio de Obtener Usuario por ID ejecutándose',)
17:22:44 - INF - <module> - ('Servicio Finalizado',)
17:22:45 - INF - <module> - ('Servicio Iniciado',)
17:22:47 - INF - post - ('Servicio de Obtener Usuario por ID ejecutándose',)
17:22:54 - INF - <module> - ('Servicio Finalizado',)
17:22:54 - INF - <module> - ('Servicio Iniciado',)
17:22:55 - INF - post - ('Servicio de Obtener Usuario por ID ejecutándose',)
17:23:00 - INF - <module> - ('Servicio Finalizado',)
17:23:01 - INF - <module> - ('Servicio Iniciado',)
17:23:01 - INF - post - ('Servicio de Obtener Usuario por ID ejecutándose',)
17:23:02 - INF - post - ('Servicio de Obtener Usuario por ID ejecutándose',)
17:23:03 - INF - post - ('Servicio de Obtener Usuario por ID ejecutándose',)
17:23:07 - INF - post - ('Servicio de Obtener Usuario por ID ejecutándose',)
17:23:12 - INF - <module> - ('Servicio Finalizado',)
17:23:13 - INF - <module> - ('Servicio Iniciado',)
17:24:33 - INF - <module> - ('Servicio Finalizado',)
17:24:33 - INF - <module> - ('Servicio Finalizado',)
