13:36:45 - INF - <module> - ('Servicio Iniciado',)
13:36:46 - INF - <module> - ('Servicio Iniciado',)
13:40:28 - INF - post - ('Servicio de creación de usuario Ejecutando',)
13:40:28 - INF - create_user - ('Error al ejecutar creación de usuario -> relation "users" does not exist\nLINE 2:             INSERT INTO users (nombre, correo_electronico, c...\n                                ^\n',)
13:40:52 - INF - <module> - ('Servicio Finalizado',)
13:40:52 - INF - <module> - ('Servicio Finalizado',)
13:40:54 - INF - <module> - ('Servicio Iniciado',)
13:40:55 - INF - <module> - ('Servicio Iniciado',)
13:40:59 - INF - post - ('Servicio de creación de usuario Ejecutando',)
13:43:01 - INF - post - ('Servicio de creación de usuario Ejecutando',)
13:44:57 - INF - <module> - ('Servicio Finalizado',)
13:44:58 - INF - <module> - ('Servicio Iniciado',)
13:46:08 - INF - <module> - ('Servicio Finalizado',)
13:46:08 - INF - <module> - ('Servicio Finalizado',)
13:46:11 - INF - <module> - ('Servicio Iniciado',)
13:46:12 - INF - <module> - ('Servicio Iniciado',)
13:46:50 - INF - <module> - ('Servicio Finalizado',)
13:46:51 - INF - <module> - ('Servicio Iniciado',)
13:46:52 - INF - post - ('Servicio de login Ejecutando',)
13:46:52 - INF - post - ("Error al validar el Request ->{'login_user': ['Missing data for required field.'], 'correo_electronico': ['Unknown field.'], 'contraseña': ['Unknown field.']}",)
13:46:53 - INF - post - ('Servicio de login Ejecutando',)
13:46:53 - INF - post - ("Error al validar el Request ->{'login_user': ['Missing data for required field.'], 'correo_electronico': ['Unknown field.'], 'contraseña': ['Unknown field.']}",)
13:48:05 - INF - <module> - ('Servicio Finalizado',)
13:48:05 - INF - <module> - ('Servicio Iniciado',)
13:48:08 - INF - post - ('Servicio de login Ejecutando',)
13:48:09 - INF - post - ('Servicio de login Ejecutando',)
13:48:55 - INF - <module> - ('Servicio Finalizado',)
13:48:56 - INF - <module> - ('Servicio Iniciado',)
13:48:59 - INF - post - ('Servicio de login Ejecutando',)
13:48:59 - INF - Login - ('Error al ejecutar login -> column "u_state" does not exist\nLINE 4: ...E correo_electronico = \'juan.perez@ug.edu.ec\' AND u_state = ...\n                                                             ^\n',)
13:49:24 - INF - <module> - ('Servicio Finalizado',)
13:49:25 - INF - <module> - ('Servicio Iniciado',)
13:49:31 - INF - post - ('Servicio de login Ejecutando',)
13:49:44 - INF - post - ('Servicio de login Ejecutando',)
13:49:47 - INF - post - ('Servicio de login Ejecutando',)
13:52:52 - INF - <module> - ('Servicio Finalizado',)
13:52:52 - INF - <module> - ('Servicio Finalizado',)
13:59:50 - INF - <module> - ('Servicio Iniciado',)
13:59:51 - INF - <module> - ('Servicio Iniciado',)
14:07:47 - INF - post - ('Servicio de login Ejecutando',)
14:07:56 - INF - get - ('Servicio de User Ejecutando',)
14:18:38 - INF - <module> - ('Servicio Finalizado',)
14:18:39 - INF - <module> - ('Servicio Finalizado',)
14:22:23 - INF - <module> - ('Servicio Iniciado',)
14:22:24 - INF - <module> - ('Servicio Iniciado',)
14:22:38 - INF - post - ('Servicio de login Ejecutando',)
14:22:51 - INF - put - ('Servicio de Actualización de Usuario Ejecutando',)
14:31:21 - INF - <module> - ('Servicio Finalizado',)
14:31:23 - INF - <module> - ('Servicio Finalizado',)
14:41:46 - INF - <module> - ('Servicio Iniciado',)
14:41:46 - INF - <module> - ('Servicio Iniciado',)
14:41:59 - INF - post - ('Servicio de login Ejecutando',)
14:42:45 - INF - put - ('Servicio de Actualización de Usuario Ejecutando',)
14:42:45 - INF - update_user - ('Error al ejecutar actualización de usuario -> duplicate key value violates unique constraint "users_correo_electronico_key"\nDETAIL:  Key (correo_electronico)=(juan.perez@ug.edu.ec) already exists.\n',)
14:46:27 - INF - put - ('Servicio de Actualización de Usuario Ejecutando',)
14:46:43 - INF - put - ('Servicio de Actualización de Usuario Ejecutando',)
14:46:51 - INF - put - ('Servicio de Actualización de Usuario Ejecutando',)
14:46:56 - INF - put - ('Servicio de Actualización de Usuario Ejecutando',)
14:46:56 - INF - update_user - ('Error al ejecutar actualización de usuario -> duplicate key value violates unique constraint "users_correo_electronico_key"\nDETAIL:  Key (correo_electronico)=(juan.perez@ug.edu.ec) already exists.\n',)
14:47:01 - INF - put - ('Servicio de Actualización de Usuario Ejecutando',)
14:49:18 - INF - <module> - ('Servicio Finalizado',)
14:49:18 - INF - <module> - ('Servicio Iniciado',)
14:49:29 - INF - put - ('Servicio de Actualización de Usuario Ejecutando',)
14:49:45 - INF - put - ('Servicio de Actualización de Usuario Ejecutando',)
14:49:50 - INF - put - ('Servicio de Actualización de Usuario Ejecutando',)
14:50:51 - INF - <module> - ('Servicio Finalizado',)
14:50:52 - INF - <module> - ('Servicio Iniciado',)
14:51:01 - INF - put - ('Servicio de Actualización de Usuario Ejecutando',)
14:51:01 - INF - update_user - ('Error al ejecutar actualización de usuario -> duplicate key value violates unique constraint "users_correo_electronico_key"\nDETAIL:  Key (correo_electronico)=(juan.perez@ug.edu.ec) already exists.\n',)
14:51:15 - INF - put - ('Servicio de Actualización de Usuario Ejecutando',)
14:51:29 - INF - put - ('Servicio de Actualización de Usuario Ejecutando',)
14:51:32 - INF - put - ('Servicio de Actualización de Usuario Ejecutando',)
14:53:34 - INF - post - ('Servicio de login Ejecutando',)
14:53:50 - INF - put - ('Servicio de Actualización de Usuario Ejecutando',)
14:53:51 - INF - update_user - ('Error al ejecutar actualización de usuario -> duplicate key value violates unique constraint "users_correo_electronico_key"\nDETAIL:  Key (correo_electronico)=(juan.perez@ug.edu.ec) already exists.\n',)
14:53:54 - INF - put - ('Servicio de Actualización de Usuario Ejecutando',)
14:54:08 - INF - <module> - ('Servicio Finalizado',)
14:54:09 - INF - <module> - ('Servicio Iniciado',)
14:54:13 - INF - put - ('Servicio de Actualización de Usuario Ejecutando',)
14:54:25 - INF - <module> - ('Servicio Finalizado',)
14:54:27 - INF - <module> - ('Servicio Iniciado',)
14:54:30 - INF - put - ('Servicio de Actualización de Usuario Ejecutando',)
14:54:40 - INF - <module> - ('Servicio Finalizado',)
14:54:41 - INF - <module> - ('Servicio Iniciado',)
14:56:02 - INF - <module> - ('Servicio Finalizado',)
14:56:03 - INF - <module> - ('Servicio Iniciado',)
14:56:07 - INF - put - ('Servicio de Actualización de Usuario Ejecutando',)
14:56:25 - INF - put - ('Servicio de Actualización de Usuario Ejecutando',)
14:57:00 - INF - <module> - ('Servicio Finalizado',)
14:57:01 - INF - <module> - ('Servicio Iniciado',)
14:57:09 - INF - put - ('Servicio de Actualización de Usuario Ejecutando',)
14:59:21 - INF - <module> - ('Servicio Finalizado',)
14:59:22 - INF - <module> - ('Servicio Iniciado',)
14:59:27 - INF - put - ('Servicio de Actualización de Usuario Ejecutando',)
14:59:27 - INF - update_user - ('Error al ejecutar actualización de usuario -> lastval is not yet defined in this session\n',)
14:59:48 - INF - <module> - ('Servicio Finalizado',)
14:59:49 - INF - <module> - ('Servicio Iniciado',)
14:59:53 - INF - <module> - ('Servicio Finalizado',)
14:59:54 - INF - <module> - ('Servicio Finalizado',)
15:00:14 - INF - <module> - ('Servicio Iniciado',)
15:00:15 - INF - <module> - ('Servicio Iniciado',)
15:00:16 - INF - put - ('Servicio de Actualización de Usuario Ejecutando',)
15:00:34 - INF - <module> - ('Servicio Finalizado',)
15:00:35 - INF - <module> - ('Servicio Iniciado',)
15:12:17 - INF - <module> - ('Servicio Finalizado',)
15:12:18 - INF - <module> - ('Servicio Iniciado',)
15:12:21 - INF - put - ('Servicio de Actualización de Usuario Ejecutando',)
15:12:21 - INF - token_validate - ('Ocurrió un error al validar el token para el usuarioeyJhbGciOiJIUzI1NiIsInR5cCI6IkpXVCJ9.eyJpYXQiOjE3MzY5NzA4MTQsImV4cCI6MTczNjk3MTcxNCwidXNlcm5hbWUiOiJqdWFuLnBlcmV6QHVnLmVkdS5lYyJ9.lhoxLwymQHUWHTm4raWeQtyoPeNDzxtzSSiAmqKBqTc',)
15:12:26 - INF - post - ('Servicio de login Ejecutando',)
15:12:32 - INF - put - ('Servicio de Actualización de Usuario Ejecutando',)
15:12:32 - INF - put - ('Servicio de Actualización de Usuario Ejecutando',)
15:16:42 - INF - put - ('Servicio de Actualización de Usuario Ejecutando',)
15:16:42 - INF - token_validate - ('Ocurrió un error al validar el token para el usuarioeyJhbGciOiJIUzI1NiIsInR5cCI6IkpXVCJ9.eyJpYXQiOjE3MzY5Njg5NTksImV4cCI6MTczNjk2OTg1OSwidXNlcm5hbWUiOiJqdWFuLnBlcmV6QHVnLmVkdS5lYyJ9.mjqvuyaKl9edOPGhUc11nbYYIKVNvo_gJtAZoHxKMn0',)
15:16:43 - INF - put - ('Servicio de Actualización de Usuario Ejecutando',)
15:16:43 - INF - token_validate - ('Ocurrió un error al validar el token para el usuarioeyJhbGciOiJIUzI1NiIsInR5cCI6IkpXVCJ9.eyJpYXQiOjE3MzY5Njg5NTksImV4cCI6MTczNjk2OTg1OSwidXNlcm5hbWUiOiJqdWFuLnBlcmV6QHVnLmVkdS5lYyJ9.mjqvuyaKl9edOPGhUc11nbYYIKVNvo_gJtAZoHxKMn0',)
15:16:46 - INF - post - ('Servicio de login Ejecutando',)
15:16:52 - INF - put - ('Servicio de Actualización de Usuario Ejecutando',)
15:16:52 - INF - update_user - ('Error al ejecutar actualización de usuario -> duplicate key value violates unique constraint "users_correo_electronico_key"\nDETAIL:  Key (correo_electronico)=(juan.perez@ug.edu.ec) already exists.\n',)
15:17:08 - INF - put - ('Servicio de Actualización de Usuario Ejecutando',)
15:19:33 - INF - <module> - ('Servicio Finalizado',)
15:19:33 - INF - <module> - ('Servicio Finalizado',)
15:19:35 - INF - <module> - ('Servicio Iniciado',)
15:19:35 - INF - <module> - ('Servicio Iniciado',)
15:19:43 - INF - post - ('Servicio de login Ejecutando',)
15:19:50 - INF - get - ('Servicio de User Ejecutando',)
15:20:04 - INF - put - ('Servicio de Actualización de Usuario Ejecutando',)
15:20:04 - INF - update_user - ('Error al ejecutar actualización de usuario -> duplicate key value violates unique constraint "users_correo_electronico_key"\nDETAIL:  Key (correo_electronico)=(juan.perez@ug.edu.ec) already exists.\n',)
15:20:09 - INF - put - ('Servicio de Actualización de Usuario Ejecutando',)
15:20:55 - INF - <module> - ('Servicio Finalizado',)
15:20:56 - INF - <module> - ('Servicio Iniciado',)
15:20:58 - INF - put - ('Servicio de Actualización de Usuario Ejecutando',)
15:21:24 - INF - <module> - ('Servicio Finalizado',)
15:21:26 - INF - <module> - ('Servicio Iniciado',)
15:21:29 - INF - put - ('Servicio de Actualización de Usuario Ejecutando',)
15:21:47 - INF - <module> - ('Servicio Finalizado',)
15:21:49 - INF - <module> - ('Servicio Iniciado',)
15:21:50 - INF - put - ('Servicio de Actualización de Usuario Ejecutando',)
15:21:57 - INF - <module> - ('Servicio Finalizado',)
15:21:58 - INF - <module> - ('Servicio Iniciado',)
15:23:27 - INF - <module> - ('Servicio Finalizado',)
15:23:28 - INF - <module> - ('Servicio Iniciado',)
15:23:30 - INF - put - ('Servicio de Actualización de Usuario Ejecutando',)
15:23:41 - INF - <module> - ('Servicio Finalizado',)
15:23:41 - INF - <module> - ('Servicio Finalizado',)
15:23:42 - INF - <module> - ('Servicio Iniciado',)
15:23:43 - INF - <module> - ('Servicio Iniciado',)
15:23:45 - INF - put - ('Servicio de Actualización de Usuario Ejecutando',)
15:24:13 - INF - put - ('Servicio de Actualización de Usuario Ejecutando',)
15:24:58 - INF - put - ('Servicio de Actualización de Usuario Ejecutando',)
15:25:23 - INF - post - ('Servicio de login Ejecutando',)
15:27:33 - INF - <module> - ('Servicio Finalizado',)
15:27:34 - INF - <module> - ('Servicio Iniciado',)
15:27:39 - INF - put - ('Servicio de Actualización de Usuario Ejecutando',)
15:27:52 - INF - <module> - ('Servicio Finalizado',)
15:27:53 - INF - <module> - ('Servicio Iniciado',)
17:14:36 - INF - <module> - ('Servicio Finalizado',)
17:14:37 - INF - <module> - ('Servicio Iniciado',)
17:15:38 - INF - <module> - ('Servicio Finalizado',)
17:15:39 - INF - <module> - ('Servicio Iniciado',)
17:22:38 - INF - post - ('Servicio de login Ejecutando',)
17:22:50 - INF - put - ('Servicio de actualización de usuario ejecutando',)
17:22:50 - INF - update_user - ('Error al ejecutar actualización de usuario -> duplicate key value violates unique constraint "users_correo_electronico_key"\nDETAIL:  Key (correo_electronico)=(juan.perez@ug.edu.ec) already exists.\n',)
17:23:01 - INF - put - ('Servicio de actualización de usuario ejecutando',)
17:27:03 - INF - <module> - ('Servicio Finalizado',)
17:27:04 - INF - <module> - ('Servicio Finalizado',)
17:28:24 - INF - <module> - ('Servicio Iniciado',)
17:28:25 - INF - <module> - ('Servicio Iniciado',)
17:28:27 - INF - delete - ('Servicio de Eliminación de Usuario Ejecutando',)
17:28:27 - INF - delete - ('Servicio de Eliminación de Usuario Ejecutando',)
17:28:49 - INF - post - ('Servicio de creación de usuario Ejecutando',)
17:29:33 - INF - post - ('Servicio de creación de usuario Ejecutando',)
17:29:51 - INF - post - ('Servicio de login Ejecutando',)
17:29:54 - INF - post - ('Servicio de creación de usuario Ejecutando',)
17:31:06 - INF - <module> - ('Servicio Finalizado',)
17:31:07 - INF - <module> - ('Servicio Iniciado',)
17:31:10 - INF - <module> - ('Servicio Finalizado',)
17:31:11 - INF - <module> - ('Servicio Iniciado',)
17:31:13 - INF - post - ('Servicio de creación de usuario Ejecutando',)
17:31:46 - INF - <module> - ('Servicio Finalizado',)
17:31:47 - INF - <module> - ('Servicio Iniciado',)
17:31:59 - INF - post - ('Servicio de login Ejecutando',)
17:32:06 - INF - delete - ('Servicio de Eliminación de Usuario Ejecutando',)
17:32:13 - INF - post - ('Servicio de creación de usuario Ejecutando',)
17:32:16 - INF - post - ('Servicio de creación de usuario Ejecutando',)
17:33:39 - INF - <module> - ('Servicio Finalizado',)
17:33:40 - INF - <module> - ('Servicio Iniciado',)
17:33:40 - INF - post - ('Servicio de creación de usuario Ejecutando',)
17:33:50 - INF - post - ('Servicio de creación de usuario Ejecutando',)
17:34:02 - INF - post - ('Servicio de creación de usuario Ejecutando',)
17:34:06 - INF - post - ('Servicio de creación de usuario Ejecutando',)
17:34:10 - INF - post - ('Servicio de creación de usuario Ejecutando',)
17:34:15 - INF - post - ('Servicio de creación de usuario Ejecutando',)
17:34:20 - INF - post - ('Servicio de creación de usuario Ejecutando',)
17:35:26 - INF - <module> - ('Servicio Finalizado',)
17:35:26 - INF - <module> - ('Servicio Finalizado',)
17:35:28 - INF - <module> - ('Servicio Iniciado',)
17:35:29 - INF - <module> - ('Servicio Iniciado',)
17:35:41 - INF - post - ('Servicio de login Ejecutando',)
17:35:42 - INF - post - ('Servicio de login Ejecutando',)
17:35:43 - INF - post - ('Servicio de login Ejecutando',)
17:35:45 - INF - post - ('Servicio de login Ejecutando',)
17:35:56 - INF - post - ('Servicio de login Ejecutando',)
17:36:03 - INF - get - ('Servicio de User Ejecutando',)
17:36:11 - INF - post - ('Servicio de creación de usuario Ejecutando',)
17:49:37 - INF - post - ('Servicio de creación de usuario Ejecutando',)
17:49:53 - INF - <module> - ('Servicio Finalizado',)
17:49:55 - INF - <module> - ('Servicio Iniciado',)
17:49:57 - INF - post - ('Servicio de creación de usuario Ejecutando',)
17:51:51 - INF - post - ('Servicio de creación de usuario Ejecutando',)
17:53:44 - INF - <module> - ('Servicio Finalizado',)
17:53:45 - INF - <module> - ('Servicio Iniciado',)
17:53:47 - INF - post - ('Servicio de creación de usuario Ejecutando',)
17:53:54 - INF - post - ('Servicio de creación de usuario Ejecutando',)
17:54:02 - INF - <module> - ('Servicio Finalizado',)
17:54:03 - INF - <module> - ('Servicio Iniciado',)
17:54:03 - INF - post - ('Servicio de creación de usuario Ejecutando',)
17:54:09 - INF - <module> - ('Servicio Finalizado',)
17:54:11 - INF - <module> - ('Servicio Iniciado',)
17:54:11 - INF - post - ('Servicio de creación de usuario Ejecutando',)
17:54:13 - INF - post - ('Servicio de creación de usuario Ejecutando',)
17:54:19 - INF - <module> - ('Servicio Finalizado',)
17:54:20 - INF - <module> - ('Servicio Iniciado',)
17:54:20 - INF - post - ('Servicio de creación de usuario Ejecutando',)
17:54:32 - INF - <module> - ('Servicio Finalizado',)
17:54:33 - INF - <module> - ('Servicio Iniciado',)
17:54:33 - INF - post - ('Servicio de creación de usuario Ejecutando',)
17:55:13 - INF - post - ('Servicio de creación de usuario Ejecutando',)
17:55:57 - INF - <module> - ('Servicio Finalizado',)
17:55:59 - INF - <module> - ('Servicio Iniciado',)
17:56:01 - INF - <module> - ('Servicio Finalizado',)
17:56:02 - INF - <module> - ('Servicio Iniciado',)
17:56:03 - INF - post - ('Servicio de creación de usuario Ejecutando',)
17:56:25 - INF - <module> - ('Servicio Finalizado',)
17:56:26 - INF - <module> - ('Servicio Iniciado',)
17:56:26 - INF - post - ('Servicio de creación de usuario Ejecutando',)
17:57:42 - INF - <module> - ('Servicio Finalizado',)
17:57:43 - INF - <module> - ('Servicio Iniciado',)
17:57:44 - INF - <module> - ('Servicio Finalizado',)
17:57:44 - INF - <module> - ('Servicio Iniciado',)
17:58:01 - INF - post - ('Servicio de login Ejecutando',)
17:58:15 - INF - delete - ('Servicio de Eliminación de Usuario Ejecutando',)
17:58:39 - INF - put - ('Servicio de actualización de usuario ejecutando',)
17:58:55 - INF - get - ('Servicio de User Ejecutando',)
17:58:55 - INF - token_validate - ('Ocurrió un error al validar el token para el usuarioeyJhbGciOiJIUzI1NiIsInR5cCI6IkpXVCJ9.eyJpYXQiOjE3MzY5ODA1NTcsImV4cCI6MTczNjk4MTQ1NywidXNlcm5hbWUiOiJqdWFucS5wZXJlekB1Zy5lZHUuZWMifQ.Gosj35Fd2pG8gTuaN88uCNizorXA0PUe_TKCtyW9eNg',)
17:58:58 - INF - get - ('Servicio de User Ejecutando',)
17:59:07 - INF - <module> - ('Servicio Finalizado',)
17:59:07 - INF - <module> - ('Servicio Finalizado',)
