13:40:28 - ERR - ExecuteNonQuery - (UndefinedTable('relation "users" does not exist\nLINE 2:             INSERT INTO users (nombre, correo_electronico, c...\n                                ^\n'),)
13:48:08 - ERR - post - (KeyError('login_user'),)
13:48:09 - ERR - post - (KeyError('login_user'),)
13:48:59 - ERR - getRecords - (UndefinedColumn('column "u_state" does not exist\nLINE 4: ...E correo_electronico = \'juan.perez@ug.edu.ec\' AND u_state = ...\n                                                             ^\n'),)
14:22:51 - ERR - put - (TypeError("UserUpdateComponent.update_user() got an unexpected keyword argument 'id_usuario'"),)
14:42:45 - ERR - ExecuteNonQuery - (UniqueViolation('duplicate key value violates unique constraint "users_correo_electronico_key"\nDETAIL:  Key (correo_electronico)=(juan.perez@ug.edu.ec) already exists.\n'),)
14:46:27 - ERR - put - (TypeError("UserUpdateComponent.update_user() missing 1 required positional argument: 'id_usuario'"),)
14:46:43 - ERR - put - (TypeError("response_success() got an unexpected keyword argument 'message'"),)
14:46:51 - ERR - put - (TypeError("response_success() got an unexpected keyword argument 'message'"),)
14:46:56 - ERR - ExecuteNonQuery - (UniqueViolation('duplicate key value violates unique constraint "users_correo_electronico_key"\nDETAIL:  Key (correo_electronico)=(juan.perez@ug.edu.ec) already exists.\n'),)
14:47:01 - ERR - put - (TypeError("response_success() got an unexpected keyword argument 'message'"),)
14:51:01 - ERR - ExecuteNonQuery - (UniqueViolation('duplicate key value violates unique constraint "users_correo_electronico_key"\nDETAIL:  Key (correo_electronico)=(juan.perez@ug.edu.ec) already exists.\n'),)
14:53:51 - ERR - ExecuteNonQuery - (UniqueViolation('duplicate key value violates unique constraint "users_correo_electronico_key"\nDETAIL:  Key (correo_electronico)=(juan.perez@ug.edu.ec) already exists.\n'),)
14:59:27 - ERR - ExecuteNonQuery - (ObjectNotInPrerequisiteState('lastval is not yet defined in this session\n'),)
15:12:21 - ERR - token_validate - (ExpiredSignatureError('Signature has expired'),)
15:16:42 - ERR - token_validate - (ExpiredSignatureError('Signature has expired'),)
15:16:43 - ERR - token_validate - (ExpiredSignatureError('Signature has expired'),)
15:16:52 - ERR - ExecuteNonQuery - (UniqueViolation('duplicate key value violates unique constraint "users_correo_electronico_key"\nDETAIL:  Key (correo_electronico)=(juan.perez@ug.edu.ec) already exists.\n'),)
15:20:04 - ERR - ExecuteNonQuery - (UniqueViolation('duplicate key value violates unique constraint "users_correo_electronico_key"\nDETAIL:  Key (correo_electronico)=(juan.perez@ug.edu.ec) already exists.\n'),)
17:22:50 - ERR - ExecuteNonQuery - (UniqueViolation('duplicate key value violates unique constraint "users_correo_electronico_key"\nDETAIL:  Key (correo_electronico)=(juan.perez@ug.edu.ec) already exists.\n'),)
17:28:49 - ERR - ExecuteNonQuery - (UniqueViolation('duplicate key value violates unique constraint "users_correo_electronico_key"\nDETAIL:  Key (correo_electronico)=(string) already exists.\n'),)
17:29:33 - ERR - ExecuteNonQuery - (UniqueViolation('duplicate key value violates unique constraint "users_correo_electronico_key"\nDETAIL:  Key (correo_electronico)=(Xavier) already exists.\n'),)
17:29:55 - ERR - ExecuteNonQuery - (UniqueViolation('duplicate key value violates unique constraint "users_correo_electronico_key"\nDETAIL:  Key (correo_electronico)=(Xavier) already exists.\n'),)
17:31:13 - ERR - ExecuteNonQuery - (UniqueViolation('duplicate key value violates unique constraint "users_correo_electronico_key"\nDETAIL:  Key (correo_electronico)=(Xavier) already exists.\n'),)
17:32:13 - ERR - ExecuteNonQuery - (UniqueViolation('duplicate key value violates unique constraint "users_correo_electronico_key"\nDETAIL:  Key (correo_electronico)=(Xavier) already exists.\n'),)
17:32:17 - ERR - ExecuteNonQuery - (UniqueViolation('duplicate key value violates unique constraint "users_correo_electronico_key"\nDETAIL:  Key (correo_electronico)=(Xavier) already exists.\n'),)
17:33:41 - ERR - ExecuteNonQuery - (UniqueViolation('duplicate key value violates unique constraint "users_correo_electronico_key"\nDETAIL:  Key (correo_electronico)=(Xavier) already exists.\n'),)
17:33:51 - ERR - ExecuteNonQuery - (UniqueViolation('duplicate key value violates unique constraint "users_correo_electronico_key"\nDETAIL:  Key (correo_electronico)=(Sex) already exists.\n'),)
17:34:02 - ERR - ExecuteNonQuery - (UniqueViolation('duplicate key value violates unique constraint "users_correo_electronico_key"\nDETAIL:  Key (correo_electronico)=(Sex) already exists.\n'),)
17:34:06 - ERR - ExecuteNonQuery - (UniqueViolation('duplicate key value violates unique constraint "users_correo_electronico_key"\nDETAIL:  Key (correo_electronico)=(awdawd) already exists.\n'),)
17:34:10 - ERR - ExecuteNonQuery - (UniqueViolation('duplicate key value violates unique constraint "users_correo_electronico_key"\nDETAIL:  Key (correo_electronico)=(awdawd) already exists.\n'),)
17:34:16 - ERR - ExecuteNonQuery - (UniqueViolation('duplicate key value violates unique constraint "users_correo_electronico_key"\nDETAIL:  Key (correo_electronico)=(awdawd) already exists.\n'),)
17:34:21 - ERR - ExecuteNonQuery - (UniqueViolation('duplicate key value violates unique constraint "users_correo_electronico_key"\nDETAIL:  Key (correo_electronico)=(awdawd) already exists.\n'),)
17:36:12 - ERR - ExecuteNonQuery - (UniqueViolation('duplicate key value violates unique constraint "users_correo_electronico_key"\nDETAIL:  Key (correo_electronico)=(string) already exists.\n'),)
17:49:38 - ERR - ExecuteNonQuery - (UniqueViolation('duplicate key value violates unique constraint "users_correo_electronico_key"\nDETAIL:  Key (correo_electronico)=(string) already exists.\n'),)
17:49:58 - ERR - ExecuteNonQuery - (UniqueViolation('duplicate key value violates unique constraint "users_correo_electronico_key"\nDETAIL:  Key (correo_electronico)=(string) already exists.\n'),)
17:51:52 - ERR - ExecuteNonQuery - (UniqueViolation('duplicate key value violates unique constraint "users_correo_electronico_key"\nDETAIL:  Key (correo_electronico)=(asd) already exists.\n'),)
17:53:48 - ERR - ExecuteNonQuery - (UniqueViolation('duplicate key value violates unique constraint "users_correo_electronico_key"\nDETAIL:  Key (correo_electronico)=(asd) already exists.\n'),)
17:53:54 - ERR - ExecuteNonQuery - (UniqueViolation('duplicate key value violates unique constraint "users_correo_electronico_key"\nDETAIL:  Key (correo_electronico)=(asd) already exists.\n'),)
17:54:04 - ERR - ExecuteNonQuery - (UniqueViolation('duplicate key value violates unique constraint "users_correo_electronico_key"\nDETAIL:  Key (correo_electronico)=(asd) already exists.\n'),)
17:54:11 - ERR - ExecuteNonQuery - (UniqueViolation('duplicate key value violates unique constraint "users_correo_electronico_key"\nDETAIL:  Key (correo_electronico)=(asd) already exists.\n'),)
17:54:14 - ERR - ExecuteNonQuery - (UniqueViolation('duplicate key value violates unique constraint "users_correo_electronico_key"\nDETAIL:  Key (correo_electronico)=(asd) already exists.\n'),)
17:54:20 - ERR - ExecuteNonQuery - (UniqueViolation('duplicate key value violates unique constraint "users_correo_electronico_key"\nDETAIL:  Key (correo_electronico)=(asd) already exists.\n'),)
17:54:34 - ERR - ExecuteNonQuery - (UniqueViolation('duplicate key value violates unique constraint "users_correo_electronico_key"\nDETAIL:  Key (correo_electronico)=(asd) already exists.\n'),)
17:55:14 - ERR - ExecuteNonQuery - (UniqueViolation('duplicate key value violates unique constraint "users_correo_electronico_key"\nDETAIL:  Key (correo_electronico)=(xaevier@hotmail.com) already exists.\n'),)
17:56:04 - ERR - ExecuteNonQuery - (UniqueViolation('duplicate key value violates unique constraint "users_correo_electronico_key"\nDETAIL:  Key (correo_electronico)=(xaevier@hotmail.com) already exists.\n'),)
17:58:55 - ERR - token_validate - (ExpiredSignatureError('Signature has expired'),)
