14:34:57 - INF - <module> - ('Servicio Iniciado',)
14:34:58 - INF - <module> - ('Servicio Iniciado',)
14:35:14 - INF - post - ('Servicio de creación de usuario Ejecutando',)
14:35:14 - INF - post - ("Error al validar el Request ->{'rol': 'administrador', 'contraseña': 'string', 'nombre': 'string', 'correo_electronico': 'user@example.com'}",)
14:35:44 - INF - <module> - ('Servicio Finalizado',)
14:35:45 - INF - <module> - ('Servicio Finalizado',)
14:35:49 - INF - <module> - ('Servicio Iniciado',)
14:35:51 - INF - <module> - ('Servicio Iniciado',)
14:35:55 - INF - post - ('Servicio de creación de usuario Ejecutando',)
14:35:55 - INF - post - ("Error al validar el Request ->{'nombre': 'string', 'correo_electronico': 'user@example.com', 'contraseña': 'string', 'rol': 'administrador'}",)
14:39:32 - INF - <module> - ('Servicio Finalizado',)
14:39:34 - INF - <module> - ('Servicio Iniciado',)
14:39:40 - INF - <module> - ('Servicio Finalizado',)
14:39:42 - INF - <module> - ('Servicio Iniciado',)
14:39:57 - INF - <module> - ('Servicio Finalizado',)
14:39:58 - INF - <module> - ('Servicio Iniciado',)
14:40:04 - INF - post - ('Servicio de creación de usuario Ejecutando',)
14:40:04 - INF - post - ("Error al validar el Request ->{'nombre': 'string', 'correo_electronico': 'user@example.com', 'contraseña': 'string', 'rol': 'administrador'}",)
14:40:16 - INF - <module> - ('Servicio Finalizado',)
14:40:17 - INF - <module> - ('Servicio Iniciado',)
14:40:17 - INF - post - ('Servicio de creación de usuario Ejecutando',)
14:40:51 - INF - <module> - ('Servicio Finalizado',)
14:40:52 - INF - <module> - ('Servicio Iniciado',)
14:40:53 - INF - post - ('Servicio de creación de usuario Ejecutando',)
14:40:54 - INF - create_user - ('Error al ejecutar creación de usuario -> duplicate key value violates unique constraint "usuarios_correo_electronico_key"\nDETAIL:  Key (correo_electronico)=(user@example.com) already exists.\n',)
14:41:54 - INF - <module> - ('Servicio Finalizado',)
14:41:57 - INF - <module> - ('Servicio Iniciado',)
14:42:21 - INF - post - ('Servicio de creación de usuario Ejecutando',)
14:50:43 - INF - <module> - ('Servicio Finalizado',)
14:50:46 - INF - <module> - ('Servicio Iniciado',)
14:50:57 - INF - <module> - ('Servicio Finalizado',)
14:50:58 - INF - <module> - ('Servicio Iniciado',)
14:51:44 - INF - post - ('Servicio de inicio de sesión ejecutando',)
14:51:55 - INF - post - ('Servicio de inicio de sesión ejecutando',)
14:51:58 - INF - post - ('Servicio de inicio de sesión ejecutando',)
14:52:02 - INF - <module> - ('Servicio Finalizado',)
14:52:02 - INF - <module> - ('Servicio Finalizado',)
14:52:07 - INF - <module> - ('Servicio Iniciado',)
14:52:08 - INF - <module> - ('Servicio Iniciado',)
14:52:13 - INF - post - ('Servicio de inicio de sesión ejecutando',)
14:52:27 - INF - post - ('Servicio de inicio de sesión ejecutando',)
14:52:29 - INF - post - ('Servicio de inicio de sesión ejecutando',)
14:52:42 - INF - <module> - ('Servicio Finalizado',)
14:52:43 - INF - <module> - ('Servicio Iniciado',)
14:52:49 - INF - post - ('Servicio de inicio de sesión ejecutando',)
14:53:50 - INF - <module> - ('Servicio Finalizado',)
14:53:51 - INF - <module> - ('Servicio Iniciado',)
14:53:54 - INF - post - ('Servicio de inicio de sesión ejecutando',)
14:54:37 - INF - post - ('Servicio de inicio de sesión ejecutando',)
14:54:44 - INF - <module> - ('Servicio Finalizado',)
14:54:45 - INF - <module> - ('Servicio Iniciado',)
14:54:46 - INF - post - ('Servicio de inicio de sesión ejecutando',)
14:56:13 - INF - post - ('Servicio de inicio de sesión ejecutando',)
14:56:19 - INF - <module> - ('Servicio Finalizado',)
14:56:21 - INF - <module> - ('Servicio Iniciado',)
14:56:21 - INF - post - ('Servicio de inicio de sesión ejecutando',)
14:57:30 - INF - <module> - ('Servicio Finalizado',)
14:57:32 - INF - <module> - ('Servicio Iniciado',)
14:57:38 - INF - post - ('Servicio de inicio de sesión ejecutando',)
14:57:38 - INF - post - ("Error al validar el Request ->{'correo_electronico': 'user@example.com', 'contraseña': 'string'}",)
14:58:14 - INF - <module> - ('Servicio Finalizado',)
14:58:15 - INF - <module> - ('Servicio Iniciado',)
14:58:17 - INF - post - ('Servicio de inicio de sesión ejecutando',)
14:58:17 - INF - post - ("Error al validar el Request ->{'contraseña': 'string', 'correo_electronico': 'user@example.com'}",)
14:58:21 - INF - <module> - ('Servicio Finalizado',)
14:58:23 - INF - <module> - ('Servicio Iniciado',)
14:58:32 - INF - <module> - ('Servicio Finalizado',)
14:58:34 - INF - <module> - ('Servicio Iniciado',)
14:58:34 - INF - <module> - ('Servicio Finalizado',)
14:58:34 - INF - <module> - ('Servicio Finalizado',)
14:58:37 - INF - <module> - ('Servicio Iniciado',)
14:58:38 - INF - <module> - ('Servicio Iniciado',)
14:58:39 - INF - post - ('Servicio de inicio de sesión ejecutando',)
14:58:39 - INF - post - ("Error al validar el Request ->{'correo_electronico': 'user@example.com', 'contraseña': 'string'}",)
14:59:33 - INF - <module> - ('Servicio Finalizado',)
14:59:34 - INF - <module> - ('Servicio Iniciado',)
14:59:36 - INF - post - ('Servicio de inicio de sesión ejecutando',)
14:59:52 - INF - <module> - ('Servicio Finalizado',)
14:59:53 - INF - <module> - ('Servicio Iniciado',)
14:59:54 - INF - post - ('Servicio de inicio de sesión ejecutando',)
14:59:57 - INF - <module> - ('Servicio Finalizado',)
14:59:58 - INF - <module> - ('Servicio Iniciado',)
15:01:23 - INF - post - ('Servicio de inicio de sesión ejecutando',)
15:01:33 - INF - <module> - ('Servicio Finalizado',)
15:01:34 - INF - <module> - ('Servicio Iniciado',)
15:01:34 - INF - post - ('Servicio de inicio de sesión ejecutando',)
15:01:41 - INF - <module> - ('Servicio Finalizado',)
15:01:43 - INF - <module> - ('Servicio Iniciado',)
15:01:43 - INF - post - ('Servicio de inicio de sesión ejecutando',)
15:01:52 - INF - <module> - ('Servicio Finalizado',)
15:01:54 - INF - <module> - ('Servicio Iniciado',)
15:01:54 - INF - post - ('Servicio de inicio de sesión ejecutando',)
15:02:14 - INF - <module> - ('Servicio Finalizado',)
15:02:16 - INF - <module> - ('Servicio Iniciado',)
15:02:16 - INF - post - ('Servicio de inicio de sesión ejecutando',)
15:02:20 - INF - <module> - ('Servicio Finalizado',)
15:02:22 - INF - <module> - ('Servicio Iniciado',)
15:02:22 - INF - post - ('Servicio de inicio de sesión ejecutando',)
15:02:24 - INF - post - ('Servicio de inicio de sesión ejecutando',)
15:02:37 - INF - <module> - ('Servicio Finalizado',)
15:02:38 - INF - <module> - ('Servicio Iniciado',)
15:02:47 - INF - post - ('Servicio de inicio de sesión ejecutando',)
15:02:48 - INF - <module> - ('Servicio Finalizado',)
15:02:49 - INF - <module> - ('Servicio Iniciado',)
15:02:51 - INF - post - ('Servicio de inicio de sesión ejecutando',)
15:03:09 - INF - <module> - ('Servicio Finalizado',)
15:03:10 - INF - <module> - ('Servicio Iniciado',)
15:03:10 - INF - post - ('Servicio de inicio de sesión ejecutando',)
15:03:25 - INF - <module> - ('Servicio Finalizado',)
15:03:25 - INF - <module> - ('Servicio Iniciado',)
15:03:45 - INF - <module> - ('Servicio Finalizado',)
15:03:46 - INF - <module> - ('Servicio Iniciado',)
15:03:47 - INF - post - ('Servicio de inicio de sesión ejecutando',)
15:03:55 - INF - post - ('Servicio de inicio de sesión ejecutando',)
15:04:00 - INF - post - ('Servicio de inicio de sesión ejecutando',)
15:04:11 - INF - <module> - ('Servicio Finalizado',)
15:04:12 - INF - <module> - ('Servicio Iniciado',)
15:04:13 - INF - <module> - ('Servicio Finalizado',)
15:04:16 - INF - <module> - ('Servicio Iniciado',)
15:04:18 - INF - <module> - ('Servicio Finalizado',)
15:04:19 - INF - <module> - ('Servicio Iniciado',)
15:04:22 - INF - <module> - ('Servicio Finalizado',)
15:04:23 - INF - <module> - ('Servicio Iniciado',)
15:04:33 - INF - post - ('Servicio de creación de usuario Ejecutando',)
15:04:33 - INF - post - ("Error al validar el Request ->{'rol': 'administrador', 'contraseña': 'string', 'nombre': 'Pepito', 'correo_electronico': 'pepito@example.com'}",)
15:04:53 - INF - <module> - ('Servicio Finalizado',)
15:04:56 - INF - <module> - ('Servicio Iniciado',)
15:04:56 - INF - post - ('Servicio de creación de usuario Ejecutando',)
15:04:56 - INF - post - ("Error al validar el Request ->{'rol': 'administrador', 'nombre': 'Pepito', 'contraseña': 'string', 'correo_electronico': 'pepito@example.com'}",)
15:05:09 - INF - <module> - ('Servicio Finalizado',)
15:05:09 - INF - <module> - ('Servicio Iniciado',)
15:05:11 - INF - post - ('Servicio de creación de usuario Ejecutando',)
15:05:11 - INF - post - ("Error al validar el Request ->{'contraseña': 'string', 'nombre': 'Pepito', 'correo_electronico': 'pepito@example.com', 'rol': 'administrador'}",)
15:05:14 - INF - <module> - ('Servicio Finalizado',)
15:05:15 - INF - <module> - ('Servicio Iniciado',)
15:05:16 - INF - post - ('Servicio de creación de usuario Ejecutando',)
15:05:16 - INF - post - ("Error al validar el Request ->{'rol': 'administrador', 'contraseña': 'string', 'nombre': 'Pepito', 'correo_electronico': 'pepito@example.com'}",)
15:05:35 - INF - <module> - ('Servicio Finalizado',)
15:05:36 - INF - <module> - ('Servicio Iniciado',)
15:05:42 - INF - post - ('Servicio de creación de usuario Ejecutando',)
15:05:42 - INF - post - ("Error al validar el Request ->{'rol': 'administrador', 'nombre': 'Pepito', 'contraseña': 'string', 'correo_electronico': 'pepito@example.com'}",)
15:05:50 - INF - <module> - ('Servicio Finalizado',)
15:05:50 - INF - <module> - ('Servicio Iniciado',)
15:06:11 - INF - <module> - ('Servicio Finalizado',)
15:06:13 - INF - <module> - ('Servicio Iniciado',)
15:06:14 - INF - post - ('Servicio de creación de usuario Ejecutando',)
15:06:26 - INF - post - ('Servicio de inicio de sesión ejecutando',)
15:20:03 - INF - <module> - ('Servicio Iniciado',)
15:20:05 - INF - <module> - ('Servicio Iniciado',)
15:20:11 - INF - get - ('Servicio de obtención de vehículos ejecutando',)
15:30:35 - INF - get - ('Servicio de obtención de vehículos ejecutando',)
15:40:00 - INF - get - ('Servicio de obtención de vehículos ejecutando',)
15:47:02 - INF - get - ('Servicio de obtención de vehículos ejecutando',)
15:47:22 - INF - get - ('Servicio de obtención de vehículos ejecutando',)
15:48:51 - INF - <module> - ('Servicio Finalizado',)
15:48:52 - INF - <module> - ('Servicio Iniciado',)
15:48:56 - INF - <module> - ('Servicio Finalizado',)
15:48:57 - INF - <module> - ('Servicio Iniciado',)
15:49:18 - INF - get - ('Servicio de obtención de vehículos ejecutando',)
15:49:32 - INF - get - ('Servicio de obtención de vehículos ejecutando',)
15:49:40 - INF - <module> - ('Servicio Finalizado',)
15:49:40 - INF - <module> - ('Servicio Finalizado',)
15:49:41 - INF - <module> - ('Servicio Iniciado',)
15:49:41 - INF - <module> - ('Servicio Iniciado',)
15:49:48 - INF - get - ('Servicio de obtención de vehículos ejecutando',)
15:50:18 - INF - get - ('Servicio de obtención de vehículos ejecutando',)
15:50:24 - INF - <module> - ('Servicio Finalizado',)
15:50:25 - INF - <module> - ('Servicio Iniciado',)
15:50:38 - INF - get - ('Servicio de obtención de vehículos ejecutando',)
15:50:49 - INF - get - ('Servicio de obtención de vehículos ejecutando',)
15:51:06 - INF - get - ('Servicio de obtención de vehículos ejecutando',)
15:51:06 - INF - get - ('Servicio de obtención de vehículos ejecutando',)
15:51:17 - INF - get - ('Servicio de obtención de vehículos ejecutando',)
15:51:31 - INF - get - ('Servicio de obtención de vehículos ejecutando',)
15:52:10 - INF - get - ('Servicio de obtención de vehículos ejecutando',)
15:52:25 - INF - <module> - ('Servicio Finalizado',)
15:52:25 - INF - <module> - ('Servicio Finalizado',)
