12:15:39 - INF - <module> - ('Servicio Iniciado',)
12:15:39 - INF - <module> - ('Servicio Iniciado',)
12:16:02 - INF - post - ('Servicio de login Ejecutando',)
12:16:12 - INF - post - ('Servicio de login Ejecutando',)
12:17:57 - INF - post - ('Servicio de login Ejecutando',)
12:18:00 - INF - token_generate - ('Ocurrió un error al generar el token para el usuarioadmin',)
12:18:12 - INF - <module> - ('Servicio Finalizado',)
12:18:13 - INF - <module> - ('Servicio Iniciado',)
12:18:18 - INF - post - ('Servicio de login Ejecutando',)
12:18:18 - INF - token_generate - ('Ocurrió un error al generar el token para el usuarioadmin',)
12:18:20 - INF - post - ('Servicio de login Ejecutando',)
12:18:20 - INF - token_generate - ('Ocurrió un error al generar el token para el usuarioadmin',)
12:20:38 - INF - <module> - ('Servicio Finalizado',)
12:20:39 - INF - <module> - ('Servicio Iniciado',)
12:20:51 - INF - <module> - ('Servicio Finalizado',)
12:20:52 - INF - <module> - ('Servicio Finalizado',)
12:20:54 - INF - <module> - ('Servicio Iniciado',)
12:20:54 - INF - <module> - ('Servicio Iniciado',)
12:21:00 - INF - post - ('Servicio de login Ejecutando',)
12:21:00 - INF - token_generate - ('Ocurrió un error al generar el token para el usuarioadmin',)
12:21:58 - INF - <module> - ('Servicio Finalizado',)
12:21:58 - INF - <module> - ('Servicio Finalizado',)
12:22:00 - INF - <module> - ('Servicio Iniciado',)
12:22:01 - INF - <module> - ('Servicio Iniciado',)
12:22:02 - INF - post - ('Servicio de login Ejecutando',)
12:22:02 - INF - token_generate - ('Ocurrió un error al generar el token para el usuarioadmin',)
12:22:17 - INF - <module> - ('Servicio Finalizado',)
12:22:18 - INF - <module> - ('Servicio Iniciado',)
12:22:19 - INF - post - ('Servicio de login Ejecutando',)
12:22:20 - INF - token_generate - ('Ocurrió un error al generar el token para el usuarioadmin',)
12:22:25 - INF - <module> - ('Servicio Finalizado',)
12:22:26 - INF - <module> - ('Servicio Iniciado',)
12:23:11 - INF - <module> - ('Servicio Finalizado',)
12:23:13 - INF - <module> - ('Servicio Iniciado',)
12:23:14 - INF - <module> - ('Servicio Finalizado',)
12:23:14 - INF - <module> - ('Servicio Finalizado',)
12:23:16 - INF - <module> - ('Servicio Iniciado',)
12:23:17 - INF - <module> - ('Servicio Iniciado',)
12:23:19 - INF - post - ('Servicio de login Ejecutando',)
12:34:11 - INF - <module> - ('Servicio Finalizado',)
12:34:12 - INF - <module> - ('Servicio Iniciado',)
12:34:29 - INF - <module> - ('Servicio Finalizado',)
12:34:30 - INF - <module> - ('Servicio Iniciado',)
12:34:34 - INF - post - ('Servicio de login Ejecutando',)
12:34:48 - INF - get - ('Servicio de User Ejecutando',)
12:34:48 - INF - token_validate - ('Ocurrió un error al validar el token para el usuarioaa',)
12:35:41 - INF - <module> - ('Servicio Finalizado',)
12:35:42 - INF - <module> - ('Servicio Iniciado',)
12:35:43 - INF - get - ('Servicio de User Ejecutando',)
12:35:43 - INF - token_validate - ('Ocurrió un error al validar el token para el usuarioaa',)
12:36:11 - INF - post - ('Servicio de login Ejecutando',)
12:36:17 - INF - get - ('Servicio de User Ejecutando',)
12:36:21 - INF - get - ('Servicio de User Ejecutando',)
12:36:21 - INF - token_validate - ('Ocurrió un error al validar el token para el usuarioeyJhbGciOiJIUzI1NiIsInR5CI6IkpXVCJ9.eyJpYXQiOjE3MzYyNzEzNzEsImV4cCI6MTczNjI3MjI3MSwidXNlcm5hbWUiOiJhZG1pbiJ9.RMZjYo8PJM_lE7qtieIJZJtgJRtk0_F39Nua3MjzNz8',)
12:36:22 - INF - get - ('Servicio de User Ejecutando',)
12:46:52 - INF - <module> - ('Servicio Finalizado',)
12:46:52 - INF - <module> - ('Servicio Finalizado',)
